# JRE version: OpenJDK Runtime Environment (8.0_242-b01) (build 1.8.0_242-release-1644-b01)
# Java VM: OpenJDK 64-Bit Server VM (25.242-b01 mixed mode windows-amd64 compressed oops)
Heap:
 PSYoungGen      total 165888K, used 54442K [0x00000000e0000000, 0x00000000ebc80000, 0x0000000100000000)
  eden space 152576K, 26% used [0x00000000e0000000,0x00000000e282bd30,0x00000000e9500000)
  from space 13312K, 99% used [0x00000000eaf80000,0x00000000ebc7ec58,0x00000000ebc80000)
  to   space 15360K, 0% used [0x00000000e9e80000,0x00000000e9e80000,0x00000000ead80000)
 ParOldGen       total 77824K, used 20461K [0x00000000a0000000, 0x00000000a4c00000, 0x00000000e0000000)
  object space 77824K, 26% used [0x00000000a0000000,0x00000000a13fb440,0x00000000a4c00000)
 Metaspace       used 46598K, capacity 47792K, committed 47912K, reserved 1091584K
  class space    used 6242K, capacity 6622K, committed 6696K, reserved 1048576K
GC Heap History (10 events):
Event: 19.009 GC heap before
{Heap before GC invocations=8 (full 1):
 PSYoungGen      total 74752K, used 64512K [0x00000000e0000000, 0x00000000e5600000, 0x0000000100000000)
  eden space 64512K, 100% used [0x00000000e0000000,0x00000000e3f00000,0x00000000e3f00000)
  from space 10240K, 0% used [0x00000000e4a00000,0x00000000e4a00000,0x00000000e5400000)
  to   space 11264K, 0% used [0x00000000e3f00000,0x00000000e3f00000,0x00000000e4a00000)
 ParOldGen       total 52736K, used 9497K [0x00000000a0000000, 0x00000000a3380000, 0x00000000e0000000)
  object space 52736K, 18% used [0x00000000a0000000,0x00000000a0946638,0x00000000a3380000)
 Metaspace       used 27894K, capacity 28330K, committed 28592K, reserved 1073152K
  class space    used 3803K, capacity 3969K, committed 4016K, reserved 1048576K
Event: 19.045 GC heap after
Heap after GC invocations=8 (full 1):
 PSYoungGen      total 75776K, used 7908K [0x00000000e0000000, 0x00000000e8600000, 0x0000000100000000)
  eden space 64512K, 0% used [0x00000000e0000000,0x00000000e0000000,0x00000000e3f00000)
  from space 11264K, 70% used [0x00000000e3f00000,0x00000000e46b93f8,0x00000000e4a00000)
  to   space 11264K, 0% used [0x00000000e7b00000,0x00000000e7b00000,0x00000000e8600000)
 ParOldGen       total 52736K, used 9505K [0x00000000a0000000, 0x00000000a3380000, 0x00000000e0000000)
  object space 52736K, 18% used [0x00000000a0000000,0x00000000a0948638,0x00000000a3380000)
 Metaspace       used 27894K, capacity 28330K, committed 28592K, reserved 1073152K
  class space    used 3803K, capacity 3969K, committed 4016K, reserved 1048576K
}
Event: 20.471 GC heap before
{Heap before GC invocations=9 (full 1):
 PSYoungGen      total 75776K, used 72420K [0x00000000e0000000, 0x00000000e8600000, 0x0000000100000000)
  eden space 64512K, 100% used [0x00000000e0000000,0x00000000e3f00000,0x00000000e3f00000)
  from space 11264K, 70% used [0x00000000e3f00000,0x00000000e46b93f8,0x00000000e4a00000)
  to   space 11264K, 0% used [0x00000000e7b00000,0x00000000e7b00000,0x00000000e8600000)
 ParOldGen       total 52736K, used 9505K [0x00000000a0000000, 0x00000000a3380000, 0x00000000e0000000)
  object space 52736K, 18% used [0x00000000a0000000,0x00000000a0948638,0x00000000a3380000)
 Metaspace       used 31057K, capacity 31528K, committed 31792K, reserved 1077248K
  class space    used 4240K, capacity 4395K, committed 4400K, reserved 1048576K
Event: 20.508 GC heap after
Heap after GC invocations=9 (full 1):
 PSYoungGen      total 125440K, used 8591K [0x00000000e0000000, 0x00000000e8780000, 0x0000000100000000)
  eden space 114176K, 0% used [0x00000000e0000000,0x00000000e0000000,0x00000000e6f80000)
  from space 11264K, 76% used [0x00000000e7b00000,0x00000000e8363d48,0x00000000e8600000)
  to   space 11776K, 0% used [0x00000000e6f80000,0x00000000e6f80000,0x00000000e7b00000)
 ParOldGen       total 52736K, used 9513K [0x00000000a0000000, 0x00000000a3380000, 0x00000000e0000000)
  object space 52736K, 18% used [0x00000000a0000000,0x00000000a094a638,0x00000000a3380000)
 Metaspace       used 31057K, capacity 31528K, committed 31792K, reserved 1077248K
  class space    used 4240K, capacity 4395K, committed 4400K, reserved 1048576K
}
Event: 23.383 GC heap before
{Heap before GC invocations=10 (full 1):
 PSYoungGen      total 125440K, used 89267K [0x00000000e0000000, 0x00000000e8780000, 0x0000000100000000)
  eden space 114176K, 70% used [0x00000000e0000000,0x00000000e4ec8f28,0x00000000e6f80000)
  from space 11264K, 76% used [0x00000000e7b00000,0x00000000e8363d48,0x00000000e8600000)
  to   space 11776K, 0% used [0x00000000e6f80000,0x00000000e6f80000,0x00000000e7b00000)
 ParOldGen       total 52736K, used 9513K [0x00000000a0000000, 0x00000000a3380000, 0x00000000e0000000)
  object space 52736K, 18% used [0x00000000a0000000,0x00000000a094a638,0x00000000a3380000)
 Metaspace       used 34642K, capacity 35430K, committed 35496K, reserved 1079296K
  class space    used 4726K, capacity 4978K, committed 5032K, reserved 1048576K
Event: 23.417 GC heap after
Heap after GC invocations=10 (full 1):
 PSYoungGen      total 125952K, used 11773K [0x00000000e0000000, 0x00000000ebc80000, 0x0000000100000000)
  eden space 114176K, 0% used [0x00000000e0000000,0x00000000e0000000,0x00000000e6f80000)
  from space 11776K, 99% used [0x00000000e6f80000,0x00000000e7aff6e0,0x00000000e7b00000)
  to   space 13312K, 0% used [0x00000000eaf80000,0x00000000eaf80000,0x00000000ebc80000)
 ParOldGen       total 52736K, used 10164K [0x00000000a0000000, 0x00000000a3380000, 0x00000000e0000000)
  object space 52736K, 19% used [0x00000000a0000000,0x00000000a09ed130,0x00000000a3380000)
 Metaspace       used 34642K, capacity 35430K, committed 35496K, reserved 1079296K
  class space    used 4726K, capacity 4978K, committed 5032K, reserved 1048576K
}
Event: 23.417 GC heap before
{Heap before GC invocations=11 (full 2):
 PSYoungGen      total 125952K, used 11773K [0x00000000e0000000, 0x00000000ebc80000, 0x0000000100000000)
  eden space 114176K, 0% used [0x00000000e0000000,0x00000000e0000000,0x00000000e6f80000)
  from space 11776K, 99% used [0x00000000e6f80000,0x00000000e7aff6e0,0x00000000e7b00000)
  to   space 13312K, 0% used [0x00000000eaf80000,0x00000000eaf80000,0x00000000ebc80000)
 ParOldGen       total 52736K, used 10164K [0x00000000a0000000, 0x00000000a3380000, 0x00000000e0000000)
  object space 52736K, 19% used [0x00000000a0000000,0x00000000a09ed130,0x00000000a3380000)
 Metaspace       used 34642K, capacity 35430K, committed 35496K, reserved 1079296K
  class space    used 4726K, capacity 4978K, committed 5032K, reserved 1048576K
Event: 23.589 GC heap after
Heap after GC invocations=11 (full 2):
 PSYoungGen      total 125952K, used 0K [0x00000000e0000000, 0x00000000ebc80000, 0x0000000100000000)
  eden space 114176K, 0% used [0x00000000e0000000,0x00000000e0000000,0x00000000e6f80000)
  from space 11776K, 0% used [0x00000000e6f80000,0x00000000e6f80000,0x00000000e7b00000)
  to   space 13312K, 0% used [0x00000000eaf80000,0x00000000eaf80000,0x00000000ebc80000)
 ParOldGen       total 77824K, used 19257K [0x00000000a0000000, 0x00000000a4c00000, 0x00000000e0000000)
  object space 77824K, 24% used [0x00000000a0000000,0x00000000a12ce5a8,0x00000000a4c00000)
 Metaspace       used 34642K, capacity 35430K, committed 35496K, reserved 1079296K
  class space    used 4726K, capacity 4978K, committed 5032K, reserved 1048576K
}
Event: 27.400 GC heap before
{Heap before GC invocations=12 (full 2):
 PSYoungGen      total 125952K, used 114176K [0x00000000e0000000, 0x00000000ebc80000, 0x0000000100000000)
  eden space 114176K, 100% used [0x00000000e0000000,0x00000000e6f80000,0x00000000e6f80000)
  from space 11776K, 0% used [0x00000000e6f80000,0x00000000e6f80000,0x00000000e7b00000)
  to   space 13312K, 0% used [0x00000000eaf80000,0x00000000eaf80000,0x00000000ebc80000)
 ParOldGen       total 77824K, used 19257K [0x00000000a0000000, 0x00000000a4c00000, 0x00000000e0000000)
  object space 77824K, 24% used [0x00000000a0000000,0x00000000a12ce5a8,0x00000000a4c00000)
 Metaspace       used 45687K, capacity 46716K, committed 46888K, reserved 1089536K
  class space    used 6092K, capacity 6392K, committed 6440K, reserved 1048576K
Event: 27.429 GC heap after
Heap after GC invocations=12 (full 2):
 PSYoungGen      total 165888K, used 13307K [0x00000000e0000000, 0x00000000ebc80000, 0x0000000100000000)
  eden space 152576K, 0% used [0x00000000e0000000,0x00000000e0000000,0x00000000e9500000)
  from space 13312K, 99% used [0x00000000eaf80000,0x00000000ebc7ec58,0x00000000ebc80000)
  to   space 15360K, 0% used [0x00000000e9e80000,0x00000000e9e80000,0x00000000ead80000)
 ParOldGen       total 77824K, used 20461K [0x00000000a0000000, 0x00000000a4c00000, 0x00000000e0000000)
  object space 77824K, 26% used [0x00000000a0000000,0x00000000a13fb440,0x00000000a4c00000)
 Metaspace       used 45687K, capacity 46716K, committed 46888K, reserved 1089536K
  class space    used 6092K, capacity 6392K, committed 6440K, reserved 1048576K
}

