# JRE version: OpenJDK Runtime Environment (8.0_242-b01) (build 1.8.0_242-release-1644-b01)
# Java VM: OpenJDK 64-Bit Server VM (25.242-b01 mixed mode windows-amd64 compressed oops)
Heap:
 PSYoungGen      total 160256K, used 85725K [0x00000000e0000000, 0x00000000ec780000, 0x0000000100000000)
  eden space 144896K, 48% used [0x00000000e0000000,0x00000000e44bcbb8,0x00000000e8d80000)
  from space 15360K, 99% used [0x00000000e8d80000,0x00000000e9c7ac00,0x00000000e9c80000)
  to   space 18944K, 0% used [0x00000000eb500000,0x00000000eb500000,0x00000000ec780000)
 ParOldGen       total 87552K, used 23549K [0x00000000a0000000, 0x00000000a5580000, 0x00000000e0000000)
  object space 87552K, 26% used [0x00000000a0000000,0x00000000a16ff678,0x00000000a5580000)
 Metaspace       used 56163K, capacity 57832K, committed 58072K, reserved 1099776K
  class space    used 7630K, capacity 8117K, committed 8192K, reserved 1048576K
GC Heap History (10 events):
Event: 24.279 GC heap before
{Heap before GC invocations=9 (full 1):
 PSYoungGen      total 75776K, used 72629K [0x00000000e0000000, 0x00000000e7f80000, 0x0000000100000000)
  eden space 64512K, 100% used [0x00000000e0000000,0x00000000e3f00000,0x00000000e3f00000)
  from space 11264K, 72% used [0x00000000e3f00000,0x00000000e46ed618,0x00000000e4a00000)
  to   space 11264K, 0% used [0x00000000e7480000,0x00000000e7480000,0x00000000e7f80000)
 ParOldGen       total 55296K, used 9395K [0x00000000a0000000, 0x00000000a3600000, 0x00000000e0000000)
  object space 55296K, 16% used [0x00000000a0000000,0x00000000a092cf70,0x00000000a3600000)
 Metaspace       used 31237K, capacity 31752K, committed 32128K, reserved 1077248K
  class space    used 4265K, capacity 4427K, committed 4480K, reserved 1048576K
Event: 24.316 GC heap after
Heap after GC invocations=9 (full 1):
 PSYoungGen      total 118784K, used 8811K [0x00000000e0000000, 0x00000000e8080000, 0x0000000100000000)
  eden space 107520K, 0% used [0x00000000e0000000,0x00000000e0000000,0x00000000e6900000)
  from space 11264K, 78% used [0x00000000e7480000,0x00000000e7d1af68,0x00000000e7f80000)
  to   space 11776K, 0% used [0x00000000e6900000,0x00000000e6900000,0x00000000e7480000)
 ParOldGen       total 55296K, used 9403K [0x00000000a0000000, 0x00000000a3600000, 0x00000000e0000000)
  object space 55296K, 17% used [0x00000000a0000000,0x00000000a092ef70,0x00000000a3600000)
 Metaspace       used 31237K, capacity 31752K, committed 32128K, reserved 1077248K
  class space    used 4265K, capacity 4427K, committed 4480K, reserved 1048576K
}
Event: 29.229 GC heap before
{Heap before GC invocations=10 (full 1):
 PSYoungGen      total 118784K, used 85629K [0x00000000e0000000, 0x00000000e8080000, 0x0000000100000000)
  eden space 107520K, 71% used [0x00000000e0000000,0x00000000e4b047a0,0x00000000e6900000)
  from space 11264K, 78% used [0x00000000e7480000,0x00000000e7d1af68,0x00000000e7f80000)
  to   space 11776K, 0% used [0x00000000e6900000,0x00000000e6900000,0x00000000e7480000)
 ParOldGen       total 55296K, used 9403K [0x00000000a0000000, 0x00000000a3600000, 0x00000000e0000000)
  object space 55296K, 17% used [0x00000000a0000000,0x00000000a092ef70,0x00000000a3600000)
 Metaspace       used 34586K, capacity 35382K, committed 35416K, reserved 1079296K
  class space    used 4723K, capacity 4980K, committed 4992K, reserved 1048576K
Event: 29.253 GC heap after
Heap after GC invocations=10 (full 1):
 PSYoungGen      total 119296K, used 11755K [0x00000000e0000000, 0x00000000eac00000, 0x0000000100000000)
  eden space 107520K, 0% used [0x00000000e0000000,0x00000000e0000000,0x00000000e6900000)
  from space 11776K, 99% used [0x00000000e6900000,0x00000000e747afd8,0x00000000e7480000)
  to   space 13824K, 0% used [0x00000000e9e80000,0x00000000e9e80000,0x00000000eac00000)
 ParOldGen       total 55296K, used 10044K [0x00000000a0000000, 0x00000000a3600000, 0x00000000e0000000)
  object space 55296K, 18% used [0x00000000a0000000,0x00000000a09cf2d8,0x00000000a3600000)
 Metaspace       used 34586K, capacity 35382K, committed 35416K, reserved 1079296K
  class space    used 4723K, capacity 4980K, committed 4992K, reserved 1048576K
}
Event: 29.253 GC heap before
{Heap before GC invocations=11 (full 2):
 PSYoungGen      total 119296K, used 11755K [0x00000000e0000000, 0x00000000eac00000, 0x0000000100000000)
  eden space 107520K, 0% used [0x00000000e0000000,0x00000000e0000000,0x00000000e6900000)
  from space 11776K, 99% used [0x00000000e6900000,0x00000000e747afd8,0x00000000e7480000)
  to   space 13824K, 0% used [0x00000000e9e80000,0x00000000e9e80000,0x00000000eac00000)
 ParOldGen       total 55296K, used 10044K [0x00000000a0000000, 0x00000000a3600000, 0x00000000e0000000)
  object space 55296K, 18% used [0x00000000a0000000,0x00000000a09cf2d8,0x00000000a3600000)
 Metaspace       used 34586K, capacity 35382K, committed 35416K, reserved 1079296K
  class space    used 4723K, capacity 4980K, committed 4992K, reserved 1048576K
Event: 29.555 GC heap after
Heap after GC invocations=11 (full 2):
 PSYoungGen      total 119296K, used 0K [0x00000000e0000000, 0x00000000eac00000, 0x0000000100000000)
  eden space 107520K, 0% used [0x00000000e0000000,0x00000000e0000000,0x00000000e6900000)
  from space 11776K, 0% used [0x00000000e6900000,0x00000000e6900000,0x00000000e7480000)
  to   space 13824K, 0% used [0x00000000e9e80000,0x00000000e9e80000,0x00000000eac00000)
 ParOldGen       total 87552K, used 19147K [0x00000000a0000000, 0x00000000a5580000, 0x00000000e0000000)
  object space 87552K, 21% used [0x00000000a0000000,0x00000000a12b2d90,0x00000000a5580000)
 Metaspace       used 34582K, capacity 35370K, committed 35416K, reserved 1079296K
  class space    used 4722K, capacity 4978K, committed 4992K, reserved 1048576K
}
Event: 34.771 GC heap before
{Heap before GC invocations=12 (full 2):
 PSYoungGen      total 119296K, used 107520K [0x00000000e0000000, 0x00000000eac00000, 0x0000000100000000)
  eden space 107520K, 100% used [0x00000000e0000000,0x00000000e6900000,0x00000000e6900000)
  from space 11776K, 0% used [0x00000000e6900000,0x00000000e6900000,0x00000000e7480000)
  to   space 13824K, 0% used [0x00000000e9e80000,0x00000000e9e80000,0x00000000eac00000)
 ParOldGen       total 87552K, used 19147K [0x00000000a0000000, 0x00000000a5580000, 0x00000000e0000000)
  object space 87552K, 21% used [0x00000000a0000000,0x00000000a12b2d90,0x00000000a5580000)
 Metaspace       used 45042K, capacity 46106K, committed 46296K, reserved 1089536K
  class space    used 6011K, capacity 6295K, committed 6400K, reserved 1048576K
Event: 34.797 GC heap after
Heap after GC invocations=12 (full 2):
 PSYoungGen      total 147968K, used 13282K [0x00000000e0000000, 0x00000000eab80000, 0x0000000100000000)
  eden space 134656K, 0% used [0x00000000e0000000,0x00000000e0000000,0x00000000e8380000)
  from space 13312K, 99% used [0x00000000e9e80000,0x00000000eab78a80,0x00000000eab80000)
  to   space 15360K, 0% used [0x00000000e8d80000,0x00000000e8d80000,0x00000000e9c80000)
 ParOldGen       total 87552K, used 19155K [0x00000000a0000000, 0x00000000a5580000, 0x00000000e0000000)
  object space 87552K, 21% used [0x00000000a0000000,0x00000000a12b4d90,0x00000000a5580000)
 Metaspace       used 45042K, capacity 46106K, committed 46296K, reserved 1089536K
  class space    used 6011K, capacity 6295K, committed 6400K, reserved 1048576K
}
Event: 42.619 GC heap before
{Heap before GC invocations=13 (full 2):
 PSYoungGen      total 147968K, used 147938K [0x00000000e0000000, 0x00000000eab80000, 0x0000000100000000)
  eden space 134656K, 100% used [0x00000000e0000000,0x00000000e8380000,0x00000000e8380000)
  from space 13312K, 99% used [0x00000000e9e80000,0x00000000eab78a80,0x00000000eab80000)
  to   space 15360K, 0% used [0x00000000e8d80000,0x00000000e8d80000,0x00000000e9c80000)
 ParOldGen       total 87552K, used 19155K [0x00000000a0000000, 0x00000000a5580000, 0x00000000e0000000)
  object space 87552K, 21% used [0x00000000a0000000,0x00000000a12b4d90,0x00000000a5580000)
 Metaspace       used 52792K, capacity 54332K, committed 54488K, reserved 1095680K
  class space    used 7186K, capacity 7628K, committed 7680K, reserved 1048576K
Event: 42.669 GC heap after
Heap after GC invocations=13 (full 2):
 PSYoungGen      total 160256K, used 15339K [0x00000000e0000000, 0x00000000ec780000, 0x0000000100000000)
  eden space 144896K, 0% used [0x00000000e0000000,0x00000000e0000000,0x00000000e8d80000)
  from space 15360K, 99% used [0x00000000e8d80000,0x00000000e9c7ac00,0x00000000e9c80000)
  to   space 18944K, 0% used [0x00000000eb500000,0x00000000eb500000,0x00000000ec780000)
 ParOldGen       total 87552K, used 23549K [0x00000000a0000000, 0x00000000a5580000, 0x00000000e0000000)
  object space 87552K, 26% used [0x00000000a0000000,0x00000000a16ff678,0x00000000a5580000)
 Metaspace       used 52792K, capacity 54332K, committed 54488K, reserved 1095680K
  class space    used 7186K, capacity 7628K, committed 7680K, reserved 1048576K
}

